[20-Nov-2015 00:39:30 UTC] PHP Warning:  An unexpected error occurred. Something may be wrong with WordPress.org or this server&#8217;s configuration. If you continue to have problems, please try the <a href="https://wordpress.org/support/">support forums</a>. (WordPress could not establish a secure connection to WordPress.org. Please contact your server administrator.) in /home/ubuntu/workspace/wp-admin/includes/theme.php on line 376
[20-Nov-2015 00:39:30 UTC] PHP Stack trace:
[20-Nov-2015 00:39:30 UTC] PHP   1. {main}() /home/ubuntu/workspace/wp-admin/theme-install.php:0
[20-Nov-2015 00:39:30 UTC] PHP   2. get_theme_feature_list() /home/ubuntu/workspace/wp-admin/theme-install.php:152
[20-Nov-2015 00:39:30 UTC] PHP   3. themes_api() /home/ubuntu/workspace/wp-admin/includes/theme.php:263
[20-Nov-2015 00:39:30 UTC] PHP   4. trigger_error() /home/ubuntu/workspace/wp-admin/includes/theme.php:376
[20-Nov-2015 00:39:35 UTC] PHP Warning:  An unexpected error occurred. Something may be wrong with WordPress.org or this server&#8217;s configuration. If you continue to have problems, please try the <a href="https://wordpress.org/support/">support forums</a>. (WordPress could not establish a secure connection to WordPress.org. Please contact your server administrator.) in /home/ubuntu/workspace/wp-admin/includes/theme.php on line 376
[20-Nov-2015 00:39:35 UTC] PHP Stack trace:
[20-Nov-2015 00:39:35 UTC] PHP   1. {main}() /home/ubuntu/workspace/wp-admin/theme-install.php:0
[20-Nov-2015 00:39:35 UTC] PHP   2. get_theme_feature_list() /home/ubuntu/workspace/wp-admin/theme-install.php:152
[20-Nov-2015 00:39:35 UTC] PHP   3. themes_api() /home/ubuntu/workspace/wp-admin/includes/theme.php:263
[20-Nov-2015 00:39:35 UTC] PHP   4. trigger_error() /home/ubuntu/workspace/wp-admin/includes/theme.php:376
[20-Nov-2015 00:39:45 UTC] PHP Warning:  An unexpected error occurred. Something may be wrong with WordPress.org or this server&#8217;s configuration. If you continue to have problems, please try the <a href="https://wordpress.org/support/">support forums</a>. (WordPress could not establish a secure connection to WordPress.org. Please contact your server administrator.) in /home/ubuntu/workspace/wp-admin/includes/theme.php on line 376
[20-Nov-2015 00:39:45 UTC] PHP Stack trace:
[20-Nov-2015 00:39:45 UTC] PHP   1. {main}() /home/ubuntu/workspace/wp-admin/theme-install.php:0
[20-Nov-2015 00:39:45 UTC] PHP   2. get_theme_feature_list() /home/ubuntu/workspace/wp-admin/theme-install.php:152
[20-Nov-2015 00:39:45 UTC] PHP   3. themes_api() /home/ubuntu/workspace/wp-admin/includes/theme.php:263
[20-Nov-2015 00:39:45 UTC] PHP   4. trigger_error() /home/ubuntu/workspace/wp-admin/includes/theme.php:376
[20-Nov-2015 00:58:04 UTC] PHP Warning:  An unexpected error occurred. Something may be wrong with WordPress.org or this server&#8217;s configuration. If you continue to have problems, please try the <a href="https://wordpress.org/support/">support forums</a>. (WordPress could not establish a secure connection to WordPress.org. Please contact your server administrator.) in /home/ubuntu/workspace/wp-admin/includes/theme.php on line 376
[20-Nov-2015 00:58:04 UTC] PHP Stack trace:
[20-Nov-2015 00:58:04 UTC] PHP   1. {main}() /home/ubuntu/workspace/wp-admin/theme-install.php:0
[20-Nov-2015 00:58:04 UTC] PHP   2. get_theme_feature_list() /home/ubuntu/workspace/wp-admin/theme-install.php:152
[20-Nov-2015 00:58:04 UTC] PHP   3. themes_api() /home/ubuntu/workspace/wp-admin/includes/theme.php:263
[20-Nov-2015 00:58:04 UTC] PHP   4. trigger_error() /home/ubuntu/workspace/wp-admin/includes/theme.php:376
